app/build/outputs/logs/manifest-merger-debug-report.txt
-- Merging decision tree log ---
manifest
ADDED from src/main/AndroidManifest.xml:2:1-436:12
	package
		ADDED from src/main/AndroidManifest.xml:3:5-32
		INJECTED from src/main/AndroidManifest.xml
		INJECTED from src/main/AndroidManifest.xml
	android:versionName
		ADDED from src/main/AndroidManifest.xml:5:5-32
		INJECTED from src/main/AndroidManifest.xml
		INJECTED from src/main/AndroidManifest.xml
	android:versionCode
		ADDED from src/main/AndroidManifest.xml:4:5-29
		INJECTED from src/main/AndroidManifest.xml
		INJECTED from src/main/AndroidManifest.xml
	xmlns:android
		ADDED from src/main/AndroidManifest.xml:2:11-69
uses-sdk
ADDED from src/main/AndroidManifest.xml:7:5-9:41
MERGED from [com.android.support:appcompat-v7:25.3.1] AndroidManifest.xml:21:5-23:78
MERGED from [com.android.support:support-v4:25.3.1] AndroidManifest.xml:21:5-23:54
MERGED from [com.android.support:support-fragment:25.3.1] AndroidManifest.xml:21:5-23:60
MERGED from [com.android.support:support-media-compat:25.3.1] AndroidManifest.xml:21:5-23:63
MERGED from [com.android.support:support-core-ui:25.3.1] AndroidManifest.xml:21:5-23:58
MERGED from [com.android.support:support-core-utils:25.3.1] AndroidManifest.xml:21:5-23:61
MERGED from [com.android.support:animated-vector-drawable:25.3.1] AndroidManifest.xml:20:5-44
MERGED from [com.android.support:support-vector-drawable:25.3.1] AndroidManifest.xml:20:5-43
MERGED from [com.android.support:support-compat:25.3.1] AndroidManifest.xml:21:5-23:58
	tools:overrideLibrary
		ADDED from [com.android.support:appcompat-v7:25.3.1] AndroidManifest.xml:23:9-75
	android:targetSdkVersion
		ADDED from src/main/AndroidManifest.xml:9:9-38
		INJECTED from src/main/AndroidManifest.xml
		INJECTED from src/main/AndroidManifest.xml
	android:minSdkVersion
		ADDED from src/main/AndroidManifest.xml:8:9-35
		INJECTED from src/main/AndroidManifest.xml
		INJECTED from src/main/AndroidManifest.xml
uses-permission#android.permission.INTERNET
ADDED from src/main/AndroidManifest.xml:11:5-67
	android:name
		ADDED from src/main/AndroidManifest.xml:11:22-64
uses-permission#android.permission.BATTERY_STATS
ADDED from src/main/AndroidManifest.xml:12:5-72
	android:name
		ADDED from src/main/AndroidManifest.xml:12:22-69
uses-permission#android.permission.WRITE_SETTINGS
ADDED from src/main/AndroidManifest.xml:13:5-72
	android:name
		ADDED from src/main/AndroidManifest.xml:13:22-70
uses-permission#android.permission.RECORD_AUDIO
ADDED from src/main/AndroidManifest.xml:14:5-71
	android:name
		ADDED from src/main/AndroidManifest.xml:14:22-68
uses-permission#android.permission.MOUNT_UNMOUNT_FILESYSTEMS
ADDED from src/main/AndroidManifest.xml:15:5-84
	android:name
		ADDED from src/main/AndroidManifest.xml:15:22-81
uses-permission#android.permission.WRITE_EXTERNAL_STORAGE
ADDED from src/main/AndroidManifest.xml:16:5-81
	android:name
		ADDED from src/main/AndroidManifest.xml:16:22-78
uses-permission#android.permission.CAMERA
ADDED from src/main/AndroidManifest.xml:17:5-65
	android:name
		ADDED from src/main/AndroidManifest.xml:17:22-62
uses-permission#android.permission.VIBRATE
ADDED from src/main/AndroidManifest.xml:18:5-66
	android:name
		ADDED from src/main/AndroidManifest.xml:18:22-63
uses-permission#android.permission.FLASHLIGHT
ADDED from src/main/AndroidManifest.xml:19:5-69
	android:name
		ADDED from src/main/AndroidManifest.xml:19:22-66
uses-permission#android.permission.READ_PHONE_STATE
ADDED from src/main/AndroidManifest.xml:20:5-75
	android:name
		ADDED from src/main/AndroidManifest.xml:20:22-72
uses-permission#android.permission.ACCESS_NETWORK_STATE
ADDED from src/main/AndroidManifest.xml:21:5-79
	android:name
		ADDED from src/main/AndroidManifest.xml:21:22-76
uses-permission#android.permission.CHANGE_WIFI_STATE
ADDED from src/main/AndroidManifest.xml:22:5-76
	android:name
		ADDED from src/main/AndroidManifest.xml:22:22-73
uses-permission#android.permission.ACCESS_WIFI_STATE
ADDED from src/main/AndroidManifest.xml:23:5-76
	android:name
		ADDED from src/main/AndroidManifest.xml:23:22-73
uses-permission#android.permission.WAKE_LOCK
ADDED from src/main/AndroidManifest.xml:24:5-68
	android:name
		ADDED from src/main/AndroidManifest.xml:24:22-65
uses-permission#android.permission.RECEIVE_BOOT_COMPLETED
ADDED from src/main/AndroidManifest.xml:25:5-81
	android:name
		ADDED from src/main/AndroidManifest.xml:25:22-78
uses-permission#android.permission.GET_TASKS
ADDED from src/main/AndroidManifest.xml:27:5-68
	android:name
		ADDED from src/main/AndroidManifest.xml:27:22-65
uses-permission#android.permission.READ_CONTACTS
ADDED from src/main/AndroidManifest.xml:28:5-72
	android:name
		ADDED from src/main/AndroidManifest.xml:28:22-69
uses-permission#android.permission.ACCESS_COARSE_UPDATES
ADDED from src/main/AndroidManifest.xml:29:5-79
	android:name
		ADDED from src/main/AndroidManifest.xml:29:22-77
uses-permission#android.permission.BLUETOOTH
ADDED from src/main/AndroidManifest.xml:31:5-68
	android:name
		ADDED from src/main/AndroidManifest.xml:31:22-65
uses-permission#android.permission.BLUETOOTH_ADMIN
ADDED from src/main/AndroidManifest.xml:32:5-74
	android:name
		ADDED from src/main/AndroidManifest.xml:32:22-71
uses-permission#android.permission.ACCESS_FINE_LOCATION
ADDED from src/main/AndroidManifest.xml:34:5-79
	android:name
		ADDED from src/main/AndroidManifest.xml:34:22-76
uses-permission#android.permission.ACCESS_COARSE_LOCATION
ADDED from src/main/AndroidManifest.xml:35:5-81
	android:name
		ADDED from src/main/AndroidManifest.xml:35:22-78
uses-permission#android.permission.SYSTEM_ALERT_WINDOW
ADDED from src/main/AndroidManifest.xml:37:5-78
	android:name
		ADDED from src/main/AndroidManifest.xml:37:22-75
uses-permission#getui.permission.GetuiService.com.ucredit.dream
ADDED from src/main/AndroidManifest.xml:39:5-87
	android:name
		ADDED from src/main/AndroidManifest.xml:39:22-84
uses-permission#android.permission.READ_LOGS
ADDED from src/main/AndroidManifest.xml:40:5-68
	android:name
		ADDED from src/main/AndroidManifest.xml:40:22-65
permission#getui.permission.GetuiService.com.ucredit.dream
ADDED from src/main/AndroidManifest.xml:42:5-45:18
	android:protectionLevel
		ADDED from src/main/AndroidManifest.xml:44:9-41
	android:name
		ADDED from src/main/AndroidManifest.xml:43:9-71
uses-feature#android.hardware.camera
ADDED from src/main/AndroidManifest.xml:47:5-60
	android:name
		ADDED from src/main/AndroidManifest.xml:47:19-57
uses-feature#android.hardware.camera.autofocus
ADDED from src/main/AndroidManifest.xml:48:5-70
	android:name
		ADDED from src/main/AndroidManifest.xml:48:19-67
uses-permission#android.permission.CALL_PHONE
ADDED from src/main/AndroidManifest.xml:50:5-69
	android:name
		ADDED from src/main/AndroidManifest.xml:50:22-66
application
ADDED from src/main/AndroidManifest.xml:52:5-434:19
MERGED from [com.android.support:appcompat-v7:25.3.1] AndroidManifest.xml:29:5-20
MERGED from [com.android.support:support-v4:25.3.1] AndroidManifest.xml:29:5-20
MERGED from [com.android.support:support-fragment:25.3.1] AndroidManifest.xml:29:5-20
MERGED from [com.android.support:support-media-compat:25.3.1] AndroidManifest.xml:29:5-20
MERGED from [com.android.support:support-core-ui:25.3.1] AndroidManifest.xml:29:5-20
MERGED from [com.android.support:support-core-utils:25.3.1] AndroidManifest.xml:29:5-20
MERGED from [com.android.support:animated-vector-drawable:25.3.1] AndroidManifest.xml:26:5-20
MERGED from [com.android.support:support-vector-drawable:25.3.1] AndroidManifest.xml:26:5-20
MERGED from [com.android.support:support-compat:25.3.1] AndroidManifest.xml:29:5-20
	android:label
		ADDED from src/main/AndroidManifest.xml:56:9-41
	android:allowBackup
		ADDED from src/main/AndroidManifest.xml:54:9-36
	android:icon
		ADDED from src/main/AndroidManifest.xml:55:9-45
	android:theme
		ADDED from src/main/AndroidManifest.xml:57:9-40
	android:name
		ADDED from src/main/AndroidManifest.xml:53:9-65
meta-data#PARTNER_CODE
ADDED from src/main/AndroidManifest.xml:60:9-74
	android:value
		ADDED from src/main/AndroidManifest.xml:60:48-71
	android:name
		ADDED from src/main/AndroidManifest.xml:60:20-47
meta-data#BFD_APPKEY
ADDED from src/main/AndroidManifest.xml:62:9-88
	android:value
		ADDED from src/main/AndroidManifest.xml:62:20-60
	android:name
		ADDED from src/main/AndroidManifest.xml:62:61-86
meta-data#BFD_CHANNEL
ADDED from src/main/AndroidManifest.xml:63:9-72
	android:value
		ADDED from src/main/AndroidManifest.xml:63:20-43
	android:name
		ADDED from src/main/AndroidManifest.xml:63:44-70
meta-data#BFD_SESSION_TIMEOUT_MILLIS
ADDED from src/main/AndroidManifest.xml:64:9-85
	android:value
		ADDED from src/main/AndroidManifest.xml:64:20-41
	android:name
		ADDED from src/main/AndroidManifest.xml:64:42-83
meta-data#BFD_REPORT_POLICY
ADDED from src/main/AndroidManifest.xml:65:9-80
	android:value
		ADDED from src/main/AndroidManifest.xml:65:20-45
	android:name
		ADDED from src/main/AndroidManifest.xml:65:46-78
activity#com.ucredit.dream.ui.activity.main.HomePageActivity
ADDED from src/main/AndroidManifest.xml:67:9-72:20
	android:screenOrientation
		ADDED from src/main/AndroidManifest.xml:71:13-49
	android:label
		ADDED from src/main/AndroidManifest.xml:69:13-45
	android:launchMode
		ADDED from src/main/AndroidManifest.xml:70:13-44
	android:name
		ADDED from src/main/AndroidManifest.xml:68:13-79
activity#com.ucredit.dream.ui.activity.main.LoadingActivity
ADDED from src/main/AndroidManifest.xml:73:9-82:20
	android:screenOrientation
		ADDED from src/main/AndroidManifest.xml:75:13-49
	android:theme
		ADDED from src/main/AndroidManifest.xml:76:13-83
	android:name
		ADDED from src/main/AndroidManifest.xml:74:13-78
intent-filter#android.intent.action.MAIN+android.intent.category.LAUNCHER
ADDED from src/main/AndroidManifest.xml:77:13-81:29
action#android.intent.action.MAIN
ADDED from src/main/AndroidManifest.xml:78:17-69
	android:name
		ADDED from src/main/AndroidManifest.xml:78:25-66
category#android.intent.category.LAUNCHER
ADDED from src/main/AndroidManifest.xml:80:17-77
	android:name
		ADDED from src/main/AndroidManifest.xml:80:27-74
activity#com.ucredit.dream.contact.ContactActivity
ADDED from src/main/AndroidManifest.xml:83:9-87:20
	android:screenOrientation
		ADDED from src/main/AndroidManifest.xml:86:13-49
	android:windowSoftInputMode
		ADDED from src/main/AndroidManifest.xml:85:13-72
	android:name
		ADDED from src/main/AndroidManifest.xml:84:13-69
activity#com.ucredit.dream.ui.activity.account.LoginActivity
ADDED from src/main/AndroidManifest.xml:88:9-91:20
	android:screenOrientation
		ADDED from src/main/AndroidManifest.xml:90:13-49
	android:name
		ADDED from src/main/AndroidManifest.xml:89:13-79
activity#com.ucredit.dream.ui.activity.account.RegistActivity
ADDED from src/main/AndroidManifest.xml:92:9-95:20
	android:screenOrientation
		ADDED from src/main/AndroidManifest.xml:94:13-49
	android:name
		ADDED from src/main/AndroidManifest.xml:93:13-80
activity#com.ucredit.dream.ui.activity.account.RegistPasswordActivity
ADDED from src/main/AndroidManifest.xml:96:9-99:20
	android:screenOrientation
		ADDED from src/main/AndroidManifest.xml:98:13-49
	android:name
		ADDED from src/main/AndroidManifest.xml:97:13-88
activity#com.ucredit.dream.ui.activity.sign.ProtocolOfBorrowActivity
ADDED from src/main/AndroidManifest.xml:100:9-103:20
	android:screenOrientation
		ADDED from src/main/AndroidManifest.xml:102:13-49
	android:name
		ADDED from src/main/AndroidManifest.xml:101:13-87
activity#com.ucredit.dream.ui.activity.sign.SignDetailActivity
ADDED from src/main/AndroidManifest.xml:104:9-107:20
	android:screenOrientation
		ADDED from src/main/AndroidManifest.xml:106:13-49
	android:name
		ADDED from src/main/AndroidManifest.xml:105:13-81
activity#com.ucredit.dream.ui.activity.apply.ApplyActivity
ADDED from src/main/AndroidManifest.xml:108:9-111:20
	android:screenOrientation
		ADDED from src/main/AndroidManifest.xml:110:13-49
	android:name
		ADDED from src/main/AndroidManifest.xml:109:13-77
activity#com.ucredit.dream.ui.activity.apply.ApplyContactActivity
ADDED from src/main/AndroidManifest.xml:112:9-115:20
	android:screenOrientation
		ADDED from src/main/AndroidManifest.xml:114:13-49
	android:name
		ADDED from src/main/AndroidManifest.xml:113:13-84
activity#com.ucredit.dream.ui.activity.apply.ApplyContactInfoActivity
ADDED from src/main/AndroidManifest.xml:116:9-119:20
	android:screenOrientation
		ADDED from src/main/AndroidManifest.xml:118:13-49
	android:name
		ADDED from src/main/AndroidManifest.xml:117:13-88
activity#com.ucredit.dream.ui.activity.apply.ApplyPreStudyActivity
ADDED from src/main/AndroidManifest.xml:120:9-123:20
	android:screenOrientation
		ADDED from src/main/AndroidManifest.xml:122:13-49
	android:name
		ADDED from src/main/AndroidManifest.xml:121:13-85
activity#com.ucredit.dream.ui.activity.apply.ApplyStudyActivity
ADDED from src/main/AndroidManifest.xml:124:9-128:20
	android:screenOrientation
		ADDED from src/main/AndroidManifest.xml:127:13-49
	android:windowSoftInputMode
		ADDED from src/main/AndroidManifest.xml:126:13-67
	android:name
		ADDED from src/main/AndroidManifest.xml:125:13-82
activity#com.ucredit.dream.ui.activity.account.ResetPasswordActivity
ADDED from src/main/AndroidManifest.xml:129:9-132:20
	android:screenOrientation
		ADDED from src/main/AndroidManifest.xml:131:13-49
	android:name
		ADDED from src/main/AndroidManifest.xml:130:13-87
activity#com.ucredit.dream.ui.activity.account.ResetValidateActivity
ADDED from src/main/AndroidManifest.xml:133:9-136:20
	android:screenOrientation
		ADDED from src/main/AndroidManifest.xml:135:13-49
	android:name
		ADDED from src/main/AndroidManifest.xml:134:13-87
activity#com.ucredit.dream.ui.activity.account.ResetValidateVerifyActivity
ADDED from src/main/AndroidManifest.xml:137:9-140:20
	android:screenOrientation
		ADDED from src/main/AndroidManifest.xml:139:13-49
	android:name
		ADDED from src/main/AndroidManifest.xml:138:13-93
activity#com.ucredit.dream.ui.activity.StudentAidRecordActivity
ADDED from src/main/AndroidManifest.xml:141:9-144:20
	android:screenOrientation
		ADDED from src/main/AndroidManifest.xml:143:13-49
	android:name
		ADDED from src/main/AndroidManifest.xml:142:13-65
activity#com.ucredit.dream.ui.activity.StudentAidDetailActivity
ADDED from src/main/AndroidManifest.xml:145:9-148:20
	android:screenOrientation
		ADDED from src/main/AndroidManifest.xml:147:13-49
	android:name
		ADDED from src/main/AndroidManifest.xml:146:13-65
activity#com.ucredit.dream.ui.activity.PDFActivity
ADDED from src/main/AndroidManifest.xml:149:9-152:20
	android:screenOrientation
		ADDED from src/main/AndroidManifest.xml:151:13-49
	android:name
		ADDED from src/main/AndroidManifest.xml:150:13-52
activity#com.ucredit.dream.ui.activity.LessonInfoActivity
ADDED from src/main/AndroidManifest.xml:153:9-156:20
	android:screenOrientation
		ADDED from src/main/AndroidManifest.xml:155:13-49
	android:name
		ADDED from src/main/AndroidManifest.xml:154:13-59
activity#com.ucredit.dream.ui.activity.PhaseApplyActivity
ADDED from src/main/AndroidManifest.xml:157:9-160:20
	android:screenOrientation
		ADDED from src/main/AndroidManifest.xml:159:13-49
	android:name
		ADDED from src/main/AndroidManifest.xml:158:13-59
activity#com.ucredit.dream.ui.activity.RepayPlanActivity
ADDED from src/main/AndroidManifest.xml:161:9-164:20
	android:screenOrientation
		ADDED from src/main/AndroidManifest.xml:163:13-49
	android:name
		ADDED from src/main/AndroidManifest.xml:162:13-58
activity#com.ucredit.dream.ui.activity.juxinli.PhoneVerifyActivity
ADDED from src/main/AndroidManifest.xml:165:9-168:20
	android:screenOrientation
		ADDED from src/main/AndroidManifest.xml:167:13-49
	android:name
		ADDED from src/main/AndroidManifest.xml:166:13-68
activity#com.ucredit.dream.ui.activity.BankCardAuthorizeActivity
ADDED from src/main/AndroidManifest.xml:169:9-173:20
	android:screenOrientation
		ADDED from src/main/AndroidManifest.xml:171:13-49
	android:name
		ADDED from src/main/AndroidManifest.xml:170:13-66
activity#com.ucredit.dream.ui.activity.BankCardUploadActivity
ADDED from src/main/AndroidManifest.xml:174:9-178:20
	android:screenOrientation
		ADDED from src/main/AndroidManifest.xml:176:13-49
	android:name
		ADDED from src/main/AndroidManifest.xml:175:13-63
activity#com.ucredit.dream.ui.activity.juxinli.ResetServePasswordActivity
ADDED from src/main/AndroidManifest.xml:179:9-182:20
	android:screenOrientation
		ADDED from src/main/AndroidManifest.xml:181:13-49
	android:name
		ADDED from src/main/AndroidManifest.xml:180:13-75
activity#com.ucredit.dream.ui.activity.juxinli.ElectricBusinessActivity
ADDED from src/main/AndroidManifest.xml:183:9-186:20
	android:screenOrientation
		ADDED from src/main/AndroidManifest.xml:185:13-49
	android:name
		ADDED from src/main/AndroidManifest.xml:184:13-73
activity#com.ucredit.dream.ui.activity.charge.RechargeVerifyActivity
ADDED from src/main/AndroidManifest.xml:187:9-190:20
	android:screenOrientation
		ADDED from src/main/AndroidManifest.xml:189:13-49
	android:name
		ADDED from src/main/AndroidManifest.xml:188:13-70
activity#com.ucredit.dream.ui.activity.charge.BindBankcardVerifyActivity
ADDED from src/main/AndroidManifest.xml:191:9-194:20
	android:screenOrientation
		ADDED from src/main/AndroidManifest.xml:193:13-49
	android:name
		ADDED from src/main/AndroidManifest.xml:192:13-74
activity#com.ucredit.dream.ui.activity.charge.BankcardCertifyInfoActivity
ADDED from src/main/AndroidManifest.xml:195:9-198:20
	android:screenOrientation
		ADDED from src/main/AndroidManifest.xml:197:13-49
	android:name
		ADDED from src/main/AndroidManifest.xml:196:13-75
activity#com.ucredit.dream.ui.activity.charge.RechargePaybackCardActivity
ADDED from src/main/AndroidManifest.xml:199:9-202:20
	android:screenOrientation
		ADDED from src/main/AndroidManifest.xml:201:13-49
	android:name
		ADDED from src/main/AndroidManifest.xml:200:13-75
activity#com.ucredit.dream.ui.activity.charge.RechargePaybackInfoActivity
ADDED from src/main/AndroidManifest.xml:203:9-206:20
	android:screenOrientation
		ADDED from src/main/AndroidManifest.xml:205:13-49
	android:name
		ADDED from src/main/AndroidManifest.xml:204:13-75
activity#com.ucredit.dream.ui.activity.h5.AboutActivity
ADDED from src/main/AndroidManifest.xml:207:9-210:20
	android:screenOrientation
		ADDED from src/main/AndroidManifest.xml:209:13-49
	android:name
		ADDED from src/main/AndroidManifest.xml:208:13-74
activity#com.ucredit.dream.ui.activity.account.AccountActivity
ADDED from src/main/AndroidManifest.xml:211:9-214:20
	android:screenOrientation
		ADDED from src/main/AndroidManifest.xml:213:13-49
	android:name
		ADDED from src/main/AndroidManifest.xml:212:13-81
activity#com.ucredit.dream.ui.activity.account.AccountPasswordActivity
ADDED from src/main/AndroidManifest.xml:215:9-218:20
	android:screenOrientation
		ADDED from src/main/AndroidManifest.xml:217:13-49
	android:name
		ADDED from src/main/AndroidManifest.xml:216:13-72
activity#com.ucredit.dream.ui.activity.account.AccountEmailActivity
ADDED from src/main/AndroidManifest.xml:219:9-222:20
	android:screenOrientation
		ADDED from src/main/AndroidManifest.xml:221:13-49
	android:name
		ADDED from src/main/AndroidManifest.xml:220:13-69
activity#com.ucredit.dream.ui.activity.main.FeedBackActivity
ADDED from src/main/AndroidManifest.xml:223:9-226:20
	android:screenOrientation
		ADDED from src/main/AndroidManifest.xml:225:13-49
	android:name
		ADDED from src/main/AndroidManifest.xml:224:13-79
activity#com.ucredit.dream.ui.activity.validate.IDValidateActivity
ADDED from src/main/AndroidManifest.xml:227:9-230:20
	android:screenOrientation
		ADDED from src/main/AndroidManifest.xml:229:13-49
	android:name
		ADDED from src/main/AndroidManifest.xml:228:13-85
activity#com.ucredit.dream.ui.activity.h5.AdvertiseActivity
ADDED from src/main/AndroidManifest.xml:231:9-234:20
	android:screenOrientation
		ADDED from src/main/AndroidManifest.xml:233:13-49
	android:name
		ADDED from src/main/AndroidManifest.xml:232:13-78
activity#com.ucredit.dream.ui.activity.main.GuideActivity
ADDED from src/main/AndroidManifest.xml:235:9-238:20
	android:screenOrientation
		ADDED from src/main/AndroidManifest.xml:237:13-49
	android:name
		ADDED from src/main/AndroidManifest.xml:236:13-76
activity#com.ucredit.dream.ui.activity.validate.IDScanActivity
ADDED from src/main/AndroidManifest.xml:239:9-242:20
	android:screenOrientation
		ADDED from src/main/AndroidManifest.xml:241:13-49
	android:name
		ADDED from src/main/AndroidManifest.xml:240:13-81
activity#com.ucredit.dream.ui.activity.validate.IDScanBackActivity
ADDED from src/main/AndroidManifest.xml:243:9-246:20
	android:screenOrientation
		ADDED from src/main/AndroidManifest.xml:245:13-49
	android:name
		ADDED from src/main/AndroidManifest.xml:244:13-85
activity#com.ucredit.dream.ui.activity.CityListActivity
ADDED from src/main/AndroidManifest.xml:247:9-250:20
	android:screenOrientation
		ADDED from src/main/AndroidManifest.xml:249:13-49
	android:name
		ADDED from src/main/AndroidManifest.xml:248:13-74
activity#com.ucredit.dream.ui.activity.BranchBankListActivity
ADDED from src/main/AndroidManifest.xml:251:9-254:20
	android:screenOrientation
		ADDED from src/main/AndroidManifest.xml:253:13-49
	android:name
		ADDED from src/main/AndroidManifest.xml:252:13-80
activity#com.ucredit.dream.ui.activity.QRCodeActivity
ADDED from src/main/AndroidManifest.xml:255:9-258:20
	android:screenOrientation
		ADDED from src/main/AndroidManifest.xml:257:13-49
	android:name
		ADDED from src/main/AndroidManifest.xml:256:13-72
activity#com.ucredit.dream.ui.activity.h5.HeikaActivity
ADDED from src/main/AndroidManifest.xml:259:9-270:20
	android:screenOrientation
		ADDED from src/main/AndroidManifest.xml:261:13-49
	android:name
		ADDED from src/main/AndroidManifest.xml:260:13-74
intent-filter#android.intent.action.VIEW+android.intent.category.BROWSABLE+android.intent.category.DEFAULT
ADDED from src/main/AndroidManifest.xml:262:13-269:29
action#android.intent.action.VIEW
ADDED from src/main/AndroidManifest.xml:263:17-69
	android:name
		ADDED from src/main/AndroidManifest.xml:263:25-66
category#android.intent.category.DEFAULT
ADDED from src/main/AndroidManifest.xml:265:17-76
	android:name
		ADDED from src/main/AndroidManifest.xml:265:27-73
category#android.intent.category.BROWSABLE
ADDED from src/main/AndroidManifest.xml:266:17-78
	android:name
		ADDED from src/main/AndroidManifest.xml:266:27-75
data
ADDED from src/main/AndroidManifest.xml:268:17-48
	android:scheme
		ADDED from src/main/AndroidManifest.xml:268:23-45
meta-data#UMENG_APPKEY
ADDED from src/main/AndroidManifest.xml:272:9-275:21
	android:value
		ADDED from src/main/AndroidManifest.xml:274:13-53
	android:name
		ADDED from src/main/AndroidManifest.xml:273:13-40
meta-data#UMENG_CHANNEL
ADDED from src/main/AndroidManifest.xml:276:9-278:37
	android:value
		ADDED from src/main/AndroidManifest.xml:278:13-34
	android:name
		ADDED from src/main/AndroidManifest.xml:277:13-41
activity#com.umeng.fb.ConversationActivity
ADDED from src/main/AndroidManifest.xml:281:9-284:63
	android:screenOrientation
		ADDED from src/main/AndroidManifest.xml:283:13-49
	android:theme
		ADDED from src/main/AndroidManifest.xml:284:13-60
	android:name
		ADDED from src/main/AndroidManifest.xml:282:13-61
service#com.baidu.location.f
ADDED from src/main/AndroidManifest.xml:287:9-295:19
	android:enabled
		ADDED from src/main/AndroidManifest.xml:289:13-35
	android:process
		ADDED from src/main/AndroidManifest.xml:290:13-38
	android:name
		ADDED from src/main/AndroidManifest.xml:288:13-48
intent-filter#com.baidu.location.service_v2.2
ADDED from src/main/AndroidManifest.xml:291:13-294:29
action#com.baidu.location.service_v2.2
ADDED from src/main/AndroidManifest.xml:292:17-293:26
	android:name
		ADDED from src/main/AndroidManifest.xml:292:25-71
meta-data#com.baidu.lbsapi.API_KEY
ADDED from src/main/AndroidManifest.xml:297:9-299:56
	android:value
		ADDED from src/main/AndroidManifest.xml:299:13-53
	android:name
		ADDED from src/main/AndroidManifest.xml:298:13-52
activity#exocr.bankcard.CardRecoActivity
ADDED from src/main/AndroidManifest.xml:302:9-304:24
	android:name
		ADDED from src/main/AndroidManifest.xml:302:19-65
activity#exocr.bankcard.DataEntryActivity
ADDED from src/main/AndroidManifest.xml:305:9-307:52
	android:screenOrientation
		ADDED from src/main/AndroidManifest.xml:307:13-49
	android:name
		ADDED from src/main/AndroidManifest.xml:306:13-60
activity#exocr.idcard.IDCardEditActivity
ADDED from src/main/AndroidManifest.xml:308:9-310:52
	android:screenOrientation
		ADDED from src/main/AndroidManifest.xml:310:13-49
	android:name
		ADDED from src/main/AndroidManifest.xml:309:13-59
activity#exocr.idcard.CaptureActivity
ADDED from src/main/AndroidManifest.xml:311:9-316:63
	android:screenOrientation
		ADDED from src/main/AndroidManifest.xml:314:13-50
	android:windowSoftInputMode
		ADDED from src/main/AndroidManifest.xml:316:13-60
	android:configChanges
		ADDED from src/main/AndroidManifest.xml:313:13-63
	android:theme
		ADDED from src/main/AndroidManifest.xml:315:13-71
	android:name
		ADDED from src/main/AndroidManifest.xml:312:13-56
meta-data#PUSH_APPID
ADDED from src/main/AndroidManifest.xml:331:9-333:53
	android:value
		ADDED from src/main/AndroidManifest.xml:333:13-50
	android:name
		ADDED from src/main/AndroidManifest.xml:332:13-38
meta-data#PUSH_APPKEY
ADDED from src/main/AndroidManifest.xml:334:9-336:54
	android:value
		ADDED from src/main/AndroidManifest.xml:336:13-51
	android:name
		ADDED from src/main/AndroidManifest.xml:335:13-39
meta-data#PUSH_APPSECRET
ADDED from src/main/AndroidManifest.xml:337:9-339:54
	android:value
		ADDED from src/main/AndroidManifest.xml:339:13-51
	android:name
		ADDED from src/main/AndroidManifest.xml:338:13-42
meta-data#PUSH_GROUPID
ADDED from src/main/AndroidManifest.xml:340:9-342:32
	android:value
		ADDED from src/main/AndroidManifest.xml:342:13-29
	android:name
		ADDED from src/main/AndroidManifest.xml:341:13-40
service#com.igexin.sdk.PushService
ADDED from src/main/AndroidManifest.xml:344:9-349:19
	android:process
		ADDED from src/main/AndroidManifest.xml:348:13-43
	android:label
		ADDED from src/main/AndroidManifest.xml:347:13-47
	android:exported
		ADDED from src/main/AndroidManifest.xml:346:13-36
	android:name
		ADDED from src/main/AndroidManifest.xml:345:13-54
receiver#com.igexin.sdk.PushReceiver
ADDED from src/main/AndroidManifest.xml:351:9-362:20
	android:name
		ADDED from src/main/AndroidManifest.xml:351:19-61
intent-filter#android.intent.action.ACTION_POWER_CONNECTED+android.intent.action.ACTION_POWER_DISCONNECTED+android.intent.action.BOOT_COMPLETED+android.intent.action.MEDIA_MOUNTED+android.intent.action.USER_PRESENT+android.net.conn.CONNECTIVITY_CHANGE+com.igexin.sdk.action.refreshls
ADDED from src/main/AndroidManifest.xml:352:13-361:29
action#android.intent.action.BOOT_COMPLETED
ADDED from src/main/AndroidManifest.xml:353:17-79
	android:name
		ADDED from src/main/AndroidManifest.xml:353:25-76
action#android.net.conn.CONNECTIVITY_CHANGE
ADDED from src/main/AndroidManifest.xml:354:17-79
	android:name
		ADDED from src/main/AndroidManifest.xml:354:25-76
action#android.intent.action.USER_PRESENT
ADDED from src/main/AndroidManifest.xml:355:17-77
	android:name
		ADDED from src/main/AndroidManifest.xml:355:25-74
action#com.igexin.sdk.action.refreshls
ADDED from src/main/AndroidManifest.xml:356:17-74
	android:name
		ADDED from src/main/AndroidManifest.xml:356:25-71
action#android.intent.action.MEDIA_MOUNTED
ADDED from src/main/AndroidManifest.xml:358:17-78
	android:name
		ADDED from src/main/AndroidManifest.xml:358:25-75
action#android.intent.action.ACTION_POWER_CONNECTED
ADDED from src/main/AndroidManifest.xml:359:17-87
	android:name
		ADDED from src/main/AndroidManifest.xml:359:25-84
action#android.intent.action.ACTION_POWER_DISCONNECTED
ADDED from src/main/AndroidManifest.xml:360:17-90
	android:name
		ADDED from src/main/AndroidManifest.xml:360:25-87
receiver#com.igexin.sdk.PushManagerReceiver
ADDED from src/main/AndroidManifest.xml:363:9-369:20
	android:exported
		ADDED from src/main/AndroidManifest.xml:365:13-37
	android:name
		ADDED from src/main/AndroidManifest.xml:364:13-62
intent-filter#com.igexin.sdk.action.pushmanager
ADDED from src/main/AndroidManifest.xml:366:13-368:29
action#com.igexin.sdk.action.pushmanager
ADDED from src/main/AndroidManifest.xml:367:17-76
	android:name
		ADDED from src/main/AndroidManifest.xml:367:25-73
activity#com.igexin.sdk.PushActivity
ADDED from src/main/AndroidManifest.xml:371:9-378:20
	android:process
		ADDED from src/main/AndroidManifest.xml:375:13-43
	android:excludeFromRecents
		ADDED from src/main/AndroidManifest.xml:373:13-46
	android:exported
		ADDED from src/main/AndroidManifest.xml:374:13-37
	android:theme
		ADDED from src/main/AndroidManifest.xml:377:13-72
	android:taskAffinity
		ADDED from src/main/AndroidManifest.xml:376:13-67
	android:name
		ADDED from src/main/AndroidManifest.xml:372:13-55
activity#com.igexin.getuiext.activity.GetuiExtActivity
ADDED from src/main/AndroidManifest.xml:380:9-387:75
	android:process
		ADDED from src/main/AndroidManifest.xml:385:13-43
	android:excludeFromRecents
		ADDED from src/main/AndroidManifest.xml:383:13-46
	android:exported
		ADDED from src/main/AndroidManifest.xml:384:13-37
	android:configChanges
		ADDED from src/main/AndroidManifest.xml:382:13-72
	android:theme
		ADDED from src/main/AndroidManifest.xml:387:13-72
	android:taskAffinity
		ADDED from src/main/AndroidManifest.xml:386:13-62
	android:name
		ADDED from src/main/AndroidManifest.xml:381:13-73
receiver#com.igexin.getuiext.service.PayloadReceiver
ADDED from src/main/AndroidManifest.xml:389:9-399:20
	android:exported
		ADDED from src/main/AndroidManifest.xml:391:13-37
	android:name
		ADDED from src/main/AndroidManifest.xml:390:13-71
intent-filter#com.igexin.sdk.action.7fjUl2Z3LH6xYy7NQK4ni4+com.igexin.sdk.action.92cA8bW9sa89MJsa1NWqh
ADDED from src/main/AndroidManifest.xml:392:13-398:29